120607 10:01:46 [Note] Plugin 'FEDERATED' is disabled.
120607 10:01:46 InnoDB: The InnoDB memory heap is disabled
120607 10:01:46 InnoDB: Mutexes and rw_locks use Windows interlocked functions
120607 10:01:46 InnoDB: Compressed tables use zlib 1.2.3
120607 10:01:46 InnoDB: Initializing buffer pool, size = 128.0M
120607 10:01:46 InnoDB: Completed initialization of buffer pool
InnoDB: The first specified data file .\ibdata1 did not exist:
InnoDB: a new database to be created!
120607 10:01:46  InnoDB: Setting file .\ibdata1 size to 10 MB
InnoDB: Database physically writes the file full: wait...
120607 10:01:46  InnoDB: Log file .\ib_logfile0 did not exist: new to be created
InnoDB: Setting log file .\ib_logfile0 size to 5 MB
InnoDB: Database physically writes the file full: wait...
120607 10:01:46  InnoDB: Log file .\ib_logfile1 did not exist: new to be created
InnoDB: Setting log file .\ib_logfile1 size to 5 MB
InnoDB: Database physically writes the file full: wait...
InnoDB: Doublewrite buffer not found: creating new
InnoDB: Doublewrite buffer created
InnoDB: 127 rollback segment(s) active.
InnoDB: Creating foreign key constraint system tables
InnoDB: Foreign key constraint system tables created
120607 10:01:47  InnoDB: Waiting for the background threads to start
120607 10:01:48 InnoDB: 1.1.8 started; log sequence number 0
120607 10:01:48 [Note] Server hostname (bind-address): '0.0.0.0'; port: 3306
120607 10:01:48 [Note]   - '0.0.0.0' resolves to '0.0.0.0';
120607 10:01:48 [Note] Server socket created on IP: '0.0.0.0'.
120607 10:01:48 [Note] Event Scheduler: Loaded 0 events
120607 10:01:48 [Note] X:\Dropbox\Dropbox\Projects\Github\Uber Media\WebsiteLauncher\bin\Debug\Database\bin\mysqld.exe: ready for connections.
Version: '5.5.25'  socket: ''  port: 3306  MySQL Community Server (GPL)
120607 10:02:48 [Note] Plugin 'FEDERATED' is disabled.
120607 10:02:48 InnoDB: The InnoDB memory heap is disabled
120607 10:02:48 InnoDB: Mutexes and rw_locks use Windows interlocked functions
120607 10:02:48 InnoDB: Compressed tables use zlib 1.2.3
120607 10:02:48 InnoDB: Initializing buffer pool, size = 128.0M
120607 10:02:48 InnoDB: Completed initialization of buffer pool
120607 10:02:48 InnoDB: highest supported file format is Barracuda.
InnoDB: The log sequence number in ibdata files does not match
InnoDB: the log sequence number in the ib_logfiles!
120607 10:02:48  InnoDB: Database was not shut down normally!
InnoDB: Starting crash recovery.
InnoDB: Reading tablespace information from the .ibd files...
InnoDB: Restoring possible half-written data pages from the doublewrite
InnoDB: buffer...
120607 10:02:48  InnoDB: Waiting for the background threads to start
120607 10:02:49 InnoDB: 1.1.8 started; log sequence number 1595675
120607 10:02:49 [Note] Server hostname (bind-address): '0.0.0.0'; port: 3306
120607 10:02:49 [Note]   - '0.0.0.0' resolves to '0.0.0.0';
120607 10:02:49 [Note] Server socket created on IP: '0.0.0.0'.
120607 10:02:49 [Note] Event Scheduler: Loaded 0 events
120607 10:02:49 [Note] X:\Dropbox\Dropbox\Projects\Github\Uber Media\WebsiteLauncher\bin\Debug\Database\bin\mysqld.exe: ready for connections.
Version: '5.5.25'  socket: ''  port: 3306  MySQL Community Server (GPL)
